[    0.000000] Initializing cgroup subsys cpuset
[    0.000000] Initializing cgroup subsys cpu
[    0.000000] Initializing cgroup subsys cpuacct
[    0.000000] Linux version 4.4.0-127-generic (buildd@lcy01-amd64-023) (gcc version 5.4.0 20160609 (Ubuntu 5.4.0-6ubuntu1~16.04.9) ) #153-Ubuntu SMP Sat May 19 10:58:46 UTC 2018 (Ubuntu 4.4.0-127.153-generic 4.4.128)
[    0.000000] Command line: BOOT_IMAGE=/boot/vmlinuz-4.4.0-127-generic root=LABEL=cloudimg-rootfs ro console=tty1 console=ttyS0
[    0.000000] KERNEL supported cpus:
[    0.000000]   Intel GenuineIntel
[    0.000000]   AMD AuthenticAMD
[    0.000000]   Centaur CentaurHauls
[    0.000000] x86/fpu: Legacy x87 FPU detected.
[    0.000000] x86/fpu: Using 'lazy' FPU context switches.
[    0.000000] e820: BIOS-provided physical RAM map:
[    0.000000] BIOS-e820: [mem 0x0000000000000000-0x000000000009fbff] usable
[    0.000000] BIOS-e820: [mem 0x000000000009fc00-0x000000000009ffff] reserved
[    0.000000] BIOS-e820: [mem 0x00000000000f0000-0x00000000000fffff] reserved
[    0.000000] BIOS-e820: [mem 0x0000000000100000-0x000000003ffeffff] usable
[    0.000000] BIOS-e820: [mem 0x000000003fff0000-0x000000003fffffff] ACPI data
[    0.000000] BIOS-e820: [mem 0x00000000fec00000-0x00000000fec00fff] reserved
[    0.000000] BIOS-e820: [mem 0x00000000fee00000-0x00000000fee00fff] reserved
[    0.000000] BIOS-e820: [mem 0x00000000fffc0000-0x00000000ffffffff] reserved
[    0.000000] NX (Execute Disable) protection: active
[    0.000000] SMBIOS 2.5 present.
[    0.000000] Hypervisor detected: KVM
[    0.000000] e820: last_pfn = 0x3fff0 max_arch_pfn = 0x400000000
[    0.000000] MTRR: Disabled
[    0.000000] x86/PAT: MTRRs disabled, skipping PAT initialization too.
[    0.000000] CPU MTRRs all blank - virtualized system.
[    0.000000] x86/PAT: Configuration [0-7]: WB  WT  UC- UC  WB  WT  UC- UC  
[    0.000000] found SMP MP-table at [mem 0x0009fff0-0x0009ffff] mapped at [ffff88000009fff0]
[    0.000000] Scanning 1 areas for low memory corruption
[    0.000000] RAMDISK: [mem 0x36aa6000-0x3754afff]
[    0.000000] ACPI: Early table checksum verification disabled
[    0.000000] ACPI: RSDP 0x00000000000E0000 000024 (v02 VBOX  )
[    0.000000] ACPI: XSDT 0x000000003FFF0030 00003C (v01 VBOX   VBOXXSDT 00000001 ASL  00000061)
[    0.000000] ACPI: FACP 0x000000003FFF00F0 0000F4 (v04 VBOX   VBOXFACP 00000001 ASL  00000061)
[    0.000000] ACPI: DSDT 0x000000003FFF0470 0021FF (v02 VBOX   VBOXBIOS 00000002 INTL 20160108)
[    0.000000] ACPI: FACS 0x000000003FFF0200 000040
[    0.000000] ACPI: FACS 0x000000003FFF0200 000040
[    0.000000] ACPI: APIC 0x000000003FFF0240 00005C (v02 VBOX   VBOXAPIC 00000001 ASL  00000061)
[    0.000000] ACPI: SSDT 0x000000003FFF02A0 0001CC (v01 VBOX   VBOXCPUT 00000002 INTL 20160108)
[    0.000000] No NUMA configuration found
[    0.000000] Faking a node at [mem 0x0000000000000000-0x000000003ffeffff]
[    0.000000] NODE_DATA(0) allocated [mem 0x3ffeb000-0x3ffeffff]
[    0.000000] kvm-clock: Using msrs 4b564d01 and 4b564d00
[    0.000000] kvm-clock: cpu 0, msr 0:3ffe3001, primary cpu clock
[    0.000000] kvm-clock: using sched offset of 5037460769 cycles
[    0.000000] clocksource: kvm-clock: mask: 0xffffffffffffffff max_cycles: 0x1cd42e4dffb, max_idle_ns: 881590591483 ns
[    0.000000] Zone ranges:
[    0.000000]   DMA      [mem 0x0000000000001000-0x0000000000ffffff]
[    0.000000]   DMA32    [mem 0x0000000001000000-0x000000003ffeffff]
[    0.000000]   Normal   empty
[    0.000000]   Device   empty
[    0.000000] Movable zone start for each node
[    0.000000] Early memory node ranges
[    0.000000]   node   0: [mem 0x0000000000001000-0x000000000009efff]
[    0.000000]   node   0: [mem 0x0000000000100000-0x000000003ffeffff]
[    0.000000] Initmem setup node 0 [mem 0x0000000000001000-0x000000003ffeffff]
[    0.000000] ACPI: PM-Timer IO Port: 0x4008
[    0.000000] IOAPIC[0]: apic_id 2, version 32, address 0xfec00000, GSI 0-23
[    0.000000] ACPI: INT_SRC_OVR (bus 0 bus_irq 0 global_irq 2 dfl dfl)
[    0.000000] ACPI: INT_SRC_OVR (bus 0 bus_irq 9 global_irq 9 high level)
[    0.000000] Using ACPI (MADT) for SMP configuration information
[    0.000000] smpboot: Allowing 2 CPUs, 0 hotplug CPUs
[    0.000000] PM: Registered nosave memory: [mem 0x00000000-0x00000fff]
[    0.000000] PM: Registered nosave memory: [mem 0x0009f000-0x0009ffff]
[    0.000000] PM: Registered nosave memory: [mem 0x000a0000-0x000effff]
[    0.000000] PM: Registered nosave memory: [mem 0x000f0000-0x000fffff]
[    0.000000] e820: [mem 0x40000000-0xfebfffff] available for PCI devices
[    0.000000] Booting paravirtualized kernel on KVM
[    0.000000] clocksource: refined-jiffies: mask: 0xffffffff max_cycles: 0xffffffff, max_idle_ns: 7645519600211568 ns
[    0.000000] setup_percpu: NR_CPUS:512 nr_cpumask_bits:512 nr_cpu_ids:2 nr_node_ids:1
[    0.000000] PERCPU: Embedded 34 pages/cpu @ffff88003fc00000 s99544 r8192 d31528 u1048576
[    0.000000] PV qspinlock hash table entries: 256 (order: 0, 4096 bytes)
[    0.000000] Built 1 zonelists in Node order, mobility grouping on.  Total pages: 257912
[    0.000000] Policy zone: DMA32
[    0.000000] Kernel command line: BOOT_IMAGE=/boot/vmlinuz-4.4.0-127-generic root=LABEL=cloudimg-rootfs ro console=tty1 console=ttyS0
[    0.000000] PID hash table entries: 4096 (order: 3, 32768 bytes)
[    0.000000] Memory: 1001620K/1048120K available (8537K kernel code, 1313K rwdata, 4000K rodata, 1512K init, 1316K bss, 46500K reserved, 0K cma-reserved)
[    0.000000] SLUB: HWalign=64, Order=0-3, MinObjects=0, CPUs=2, Nodes=1
[    0.000000] Kernel/User page tables isolation: enabled
[    0.000000] Hierarchical RCU implementation.
[    0.000000] 	Build-time adjustment of leaf fanout to 64.
[    0.000000] 	RCU restricting CPUs from NR_CPUS=512 to nr_cpu_ids=2.
[    0.000000] RCU: Adjusting geometry for rcu_fanout_leaf=64, nr_cpu_ids=2
[    0.000000] NR_IRQS:33024 nr_irqs:440 16
[    0.000000] Console: colour VGA+ 80x25
[    0.000000] console [tty1] enabled
[    0.000000] console [ttyS0] enabled
[    0.000000] tsc: Detected 2992.498 MHz processor
[    0.627473] Calibrating delay loop (skipped) preset value.. 5984.99 BogoMIPS (lpj=11969992)
[    0.710550] pid_max: default: 32768 minimum: 301
[    0.718887] ACPI: Core revision 20150930
[    0.723163] ACPI: 2 ACPI AML tables successfully acquired and loaded
[    0.727487] Security Framework initialized
[    0.730305] Yama: becoming mindful.
[    0.732938] AppArmor: AppArmor initialized
[    0.735947] Dentry cache hash table entries: 131072 (order: 8, 1048576 bytes)
[    0.740637] Inode-cache hash table entries: 65536 (order: 7, 524288 bytes)
[    0.758246] Mount-cache hash table entries: 2048 (order: 2, 16384 bytes)
[    0.769120] Mountpoint-cache hash table entries: 2048 (order: 2, 16384 bytes)
[    0.774396] Initializing cgroup subsys io
[    0.779731] Initializing cgroup subsys memory
[    0.782622] Initializing cgroup subsys devices
[    0.796168] Initializing cgroup subsys freezer
[    0.799103] Initializing cgroup subsys net_cls
[    0.807369] Initializing cgroup subsys perf_event
[    0.821001] Initializing cgroup subsys net_prio
[    0.823976] Initializing cgroup subsys hugetlb
[    0.832198] Initializing cgroup subsys pids
[    0.851268] CPU: Physical Processor ID: 0
[    0.854014] CPU: Processor Core ID: 0
[    0.856588] mce: CPU supports 0 MCE banks
[    0.859468] Last level iTLB entries: 4KB 128, 2MB 4, 4MB 4
[    0.863870] Last level dTLB entries: 4KB 256, 2MB 0, 4MB 32, 1GB 0
[    0.872737] Spectre V2 : Mitigation: Full generic retpoline
[    0.881397] Spectre V2 : Speculation control IBPB not-supported IBRS not-supported
[    0.885530] Speculative Store Bypass: Vulnerable
[    0.901434] Freeing SMP alternatives memory: 32K
[    0.957637] ftrace: allocating 32237 entries in 126 pages
[    1.183496] smpboot: APIC(0) Converting physical 0 to logical package 0
[    1.193699] smpboot: Max logical packages: 1
[    1.202945] x2apic enabled
[    1.206168] Switched APIC routing to physical x2apic.
[    1.223678] ..TIMER: vector=0x30 apic1=0 pin1=2 apic2=-1 pin2=-1
[    1.341349] smpboot: CPU0: Intel Pentium(R) Dual-Core  CPU      E5700  @ 3.00GHz (family: 0x6, model: 0x17, stepping: 0xa)
[    1.358240] Performance Events: unsupported p6 CPU model 23 no PMU driver, software events only.
[    1.364371] KVM setup paravirtual spinlock
[    1.369543] x86: Booting SMP configuration:
[    1.375937] .... node  #0, CPUs:      #1
[    1.378713] kvm-clock: cpu 1, msr 0:3ffe3041, secondary cpu clock
[    1.391265] mce: CPU supports 0 MCE banks
[    1.395066] x86: Booted up 1 node, 2 CPUs
[    1.398674] smpboot: Total of 2 processors activated (11969.99 BogoMIPS)
[    1.403457] devtmpfs: initialized
[    1.408575] evm: security.selinux
[    1.416364] evm: security.SMACK64
[    1.418796] evm: security.SMACK64EXEC
[    1.431882] evm: security.SMACK64TRANSMUTE
[    1.434646] evm: security.SMACK64MMAP
[    1.437193] evm: security.ima
[    1.439497] evm: security.capability
[    1.447527] clocksource: jiffies: mask: 0xffffffff max_cycles: 0xffffffff, max_idle_ns: 7645041785100000 ns
[    1.453542] futex hash table entries: 512 (order: 3, 32768 bytes)
[    1.457360] pinctrl core: initialized pinctrl subsystem
[    1.460910] RTC time:  5:54:49, date: 06/01/18
[    1.464482] NET: Registered protocol family 16
[    1.475132] cpuidle: using governor ladder
[    1.500023] cpuidle: using governor menu
[    1.505823] PCCT header not found.
[    1.511622] ACPI: bus type PCI registered
[    1.517382] acpiphp: ACPI Hot Plug PCI Controller Driver version: 0.5
[    1.523860] PCI: Using configuration type 1 for base access
[    1.545726] ACPI: Added _OSI(Module Device)
[    1.551051] ACPI: Added _OSI(Processor Device)
[    1.572265] ACPI: Added _OSI(3.0 _SCP Extensions)
[    1.575272] ACPI: Added _OSI(Processor Aggregator Device)
[    1.585993] ACPI: Executed 1 blocks of module-level executable AML code
[    1.595382] ACPI: Interpreter enabled
[    1.598045] ACPI: (supports S0 S5)
[    1.600574] ACPI: Using IOAPIC for interrupt routing
[    1.603962] PCI: Using host bridge windows from ACPI; if necessary, use "pci=nocrs" and report a bug
[    1.615737] ACPI: PCI Root Bridge [PCI0] (domain 0000 [bus 00-ff])
[    1.620454] acpi PNP0A03:00: _OSC: OS supports [ASPM ClockPM Segments MSI]
[    1.624357] acpi PNP0A03:00: _OSC: not requesting OS control; OS requires [ExtendedConfig ASPM ClockPM MSI]
[    1.635384] acpi PNP0A03:00: fail to add MMCONFIG information, can't access extended PCI configuration space under this bridge.
[    1.653033] PCI host bridge to bus 0000:00
[    1.657616] pci_bus 0000:00: root bus resource [io  0x0000-0x0cf7 window]
[    1.661438] pci_bus 0000:00: root bus resource [io  0x0d00-0xffff window]
[    1.665266] pci_bus 0000:00: root bus resource [mem 0x000a0000-0x000bffff window]
[    1.671380] pci_bus 0000:00: root bus resource [mem 0x40000000-0xffdfffff window]
[    1.681562] pci_bus 0000:00: root bus resource [bus 00-ff]
[    1.694446] pci 0000:00:01.1: legacy IDE quirk: reg 0x10: [io  0x01f0-0x01f7]
[    1.709731] pci 0000:00:01.1: legacy IDE quirk: reg 0x14: [io  0x03f6]
[    1.730126] pci 0000:00:01.1: legacy IDE quirk: reg 0x18: [io  0x0170-0x0177]
[    1.749520] pci 0000:00:01.1: legacy IDE quirk: reg 0x1c: [io  0x0376]
[    1.909298] pci 0000:00:07.0: quirk: [io  0x4000-0x403f] claimed by PIIX4 ACPI
[    1.920729] pci 0000:00:07.0: quirk: [io  0x4100-0x410f] claimed by PIIX4 SMB
[    1.955981] ACPI: PCI Interrupt Link [LNKA] (IRQs 5 9 10 *11)
[    1.964410] ACPI: PCI Interrupt Link [LNKB] (IRQs 5 9 10 *11)
[    2.013105] ACPI: PCI Interrupt Link [LNKC] (IRQs 5 9 *10 11)
[    2.023859] ACPI: PCI Interrupt Link [LNKD] (IRQs 5 *9 10 11)
[    2.029318] ACPI: Enabled 2 GPEs in block 00 to 07
[    2.034734] vgaarb: setting as boot device: PCI:0000:00:02.0
[    2.039046] vgaarb: device added: PCI:0000:00:02.0,decodes=io+mem,owns=io+mem,locks=none
[    2.044318] vgaarb: loaded
[    2.046571] vgaarb: bridge control possible 0000:00:02.0
[    2.053764] SCSI subsystem initialized
[    2.069207] ACPI: bus type USB registered
[    2.078497] usbcore: registered new interface driver usbfs
[    2.081933] usbcore: registered new interface driver hub
[    2.085272] usbcore: registered new device driver usb
[    2.089237] PCI: Using ACPI for IRQ routing
[    2.093440] NetLabel: Initializing
[    2.095978] NetLabel:  domain hash size = 128
[    2.105277] NetLabel:  protocols = UNLABELED CIPSOv4
[    2.111338] NetLabel:  unlabeled traffic allowed by default
[    2.126036] amd_nb: Cannot enumerate AMD northbridges
[    2.134697] clocksource: Switched to clocksource kvm-clock
[    2.167267] AppArmor: AppArmor Filesystem Enabled
[    2.175923] pnp: PnP ACPI init
[    2.199777] pnp: PnP ACPI: found 3 devices
[    2.218494] clocksource: acpi_pm: mask: 0xffffff max_cycles: 0xffffff, max_idle_ns: 2085701024 ns
[    2.226631] NET: Registered protocol family 2
[    2.236108] TCP established hash table entries: 8192 (order: 4, 65536 bytes)
[    2.240640] TCP bind hash table entries: 8192 (order: 5, 131072 bytes)
[    2.245927] TCP: Hash tables configured (established 8192 bind 8192)
[    2.250214] UDP hash table entries: 512 (order: 2, 16384 bytes)
[    2.254144] UDP-Lite hash table entries: 512 (order: 2, 16384 bytes)
[    2.259546] NET: Registered protocol family 1
[    2.262776] pci 0000:00:00.0: Limiting direct PCI/PCI transfers
[    2.266743] pci 0000:00:01.0: Activating ISA DMA hang workarounds
[    2.271149] Unpacking initramfs...
[    4.542552] Freeing initrd memory: 10900K
[    4.548437] platform rtc_cmos: registered platform RTC device (no PNP device found)
[    4.566730] Scanning for low memory corruption every 60 seconds
[    4.585408] audit: initializing netlink subsys (disabled)
[    4.589124] audit: type=2000 audit(1527832498.336:1): initialized
[    4.595512] Initialise system trusted keyring
[    4.599168] HugeTLB registered 2 MB page size, pre-allocated 0 pages
[    4.605683] zbud: loaded
[    4.608668] VFS: Disk quotas dquot_6.6.0
[    4.611792] VFS: Dquot-cache hash table entries: 512 (order 0, 4096 bytes)
[    4.616426] squashfs: version 4.0 (2009/01/31) Phillip Lougher
[    4.620857] fuse init (API version 7.23)
[    4.638148] Key type big_key registered
[    4.641087] Allocating IMA MOK and blacklist keyrings.
[    4.672180] Key type asymmetric registered
[    4.704440] Asymmetric key parser 'x509' registered
[    4.707893] Block layer SCSI generic (bsg) driver version 0.4 loaded (major 249)
[    4.716474] io scheduler noop registered
[    4.719436] io scheduler deadline registered (default)
[    4.722816] io scheduler cfq registered
[    4.777555] pci_hotplug: PCI Hot Plug PCI Core version: 0.5
[    4.801458] pciehp: PCI Express Hot Plug Controller Driver version: 0.4
[    4.826339] ACPI: AC Adapter [AC] (on-line)
[    4.829496] input: Power Button as /devices/LNXSYSTM:00/LNXPWRBN:00/input/input0
[    4.847446] ACPI: Power Button [PWRF]
[    4.851143] input: Sleep Button as /devices/LNXSYSTM:00/LNXSLPBN:00/input/input1
[    4.950535] ACPI: Sleep Button [SLPF]
[    4.961663] GHES: HEST is not enabled!
[    4.964856] Serial: 8250/16550 driver, 32 ports, IRQ sharing enabled
[    5.009257] 00:02: ttyS0 at I/O 0x3f8 (irq = 4, base_baud = 115200) is a 16550A
[    5.028433] Linux agpgart interface v0.103
[    5.045482] loop: module loaded
[    5.072777] scsi host0: ata_piix
[    5.117821] scsi host1: ata_piix
[    5.142375] ata1: PATA max UDMA/33 cmd 0x1f0 ctl 0x3f6 bmdma 0xd000 irq 14
[    5.167109] ata2: PATA max UDMA/33 cmd 0x170 ctl 0x376 bmdma 0xd008 irq 15
[    5.215181] libphy: Fixed MDIO Bus: probed
[    5.223716] tun: Universal TUN/TAP device driver, 1.6
[    5.237987] tun: (C) 1999-2004 Max Krasnyansky <maxk@qualcomm.com>
[    5.274042] PPP generic driver version 2.4.2
[    5.284586] ehci_hcd: USB 2.0 'Enhanced' Host Controller (EHCI) Driver
[    5.343854] ehci-pci: EHCI PCI platform driver
[    5.373583] ehci-platform: EHCI generic platform driver
[    5.377062] ohci_hcd: USB 1.1 'Open' Host Controller (OHCI) Driver
[    5.395047] ohci-pci: OHCI PCI platform driver
[    5.398259] ohci-platform: OHCI generic platform driver
[    5.401745] uhci_hcd: USB Universal Host Controller Interface driver
[    5.444260] i8042: PNP: PS/2 Controller [PNP0303:PS2K,PNP0f03:PS2M] at 0x60,0x64 irq 1,12
[    5.451351] serio: i8042 KBD port at 0x60,0x64 irq 1
[    5.466368] serio: i8042 AUX port at 0x60,0x64 irq 12
[    5.470018] mousedev: PS/2 mouse device common for all mice
[    5.485806] rtc_cmos rtc_cmos: rtc core: registered rtc_cmos as rtc0
[    5.526340] input: AT Translated Set 2 keyboard as /devices/platform/i8042/serio0/input/input2
[    5.532232] rtc_cmos rtc_cmos: alarms up to one day, 114 bytes nvram
[    5.536425] i2c /dev entries driver
[    5.539779] device-mapper: uevent: version 1.0.3
[    5.544265] device-mapper: ioctl: 4.34.0-ioctl (2015-10-28) initialised: dm-devel@redhat.com
[    5.550247] ledtrig-cpu: registered to indicate activity on CPUs
[    5.562479] NET: Registered protocol family 10
[    5.567581] NET: Registered protocol family 17
[    5.570736] Key type dns_resolver registered
[    5.580346] registered taskstats version 1
[    5.583451] Loading compiled-in X.509 certificates
[    5.588230] Loaded X.509 cert 'Build time autogenerated kernel key: 9f6f572a3ee0cb468eb8db4aa61815bc74ef6adb'
[    5.595860] zswap: loaded using pool lzo/zbud
[    5.629284] Key type trusted registered
[    5.701512] Key type encrypted registered
[    5.705733] AppArmor: AppArmor sha1 policy hashing enabled
[    5.709776] ima: No TPM chip found, activating TPM-bypass!
[    5.718952] evm: HMAC attrs: 0x1
[    5.723891]   Magic number: 6:492:920
[    5.728163] rtc_cmos rtc_cmos: setting system clock to 2018-06-01 05:54:53 UTC (1527832493)
[    5.734637] BIOS EDD facility v0.16 2004-Jun-25, 0 devices found
[    5.746196] EDD information not available.
[    5.764070] Freeing unused kernel memory: 1512K
[    5.778746] Write protecting the kernel read-only data: 14336k
[    5.812031] Freeing unused kernel memory: 1692K
[    5.818670] Freeing unused kernel memory: 96K
Loading, please wait...
starting version 229
[    6.186568] random: systemd-udevd: uninitialized urandom read (16 bytes read, 3 bits of entropy available)
[    6.211730] random: udevadm: uninitialized urandom read (16 bytes read, 3 bits of entropy available)
[    6.211971] random: udevadm: uninitialized urandom read (16 bytes read, 3 bits of entropy available)
[    6.244250] random: systemd-udevd: uninitialized urandom read (16 bytes read, 3 bits of entropy available)
[    6.252931] random: systemd-udevd: uninitialized urandom read (16 bytes read, 3 bits of entropy available)
[    6.261537] random: systemd-udevd: uninitialized urandom read (16 bytes read, 3 bits of entropy available)
[    6.366358] random: systemd-udevd: uninitialized urandom read (16 bytes read, 3 bits of entropy available)
[    6.374681] random: systemd-udevd: uninitialized urandom read (16 bytes read, 3 bits of entropy available)
[    6.382991] random: systemd-udevd: uninitialized urandom read (16 bytes read, 3 bits of entropy available)
[    6.396578] random: systemd-udevd: uninitialized urandom read (16 bytes read, 3 bits of entropy available)
[    7.005218] Fusion MPT base driver 3.04.20
[    7.009400] Copyright (c) 1999-2008 LSI Corporation
[    7.040862] e1000: Intel(R) PRO/1000 Network Driver - version 7.3.21-k8-NAPI
[    7.046741] e1000: Copyright (c) 1999-2006 Intel Corporation.
[    7.093320] Fusion MPT SPI Host driver 3.04.20
[    7.266776] input: ImExPS/2 Generic Explorer Mouse as /devices/platform/i8042/serio1/input/input4
[    7.906826] e1000 0000:00:03.0 eth0: (PCI:33MHz:32-bit) 02:8b:bc:1c:8c:d0
[    7.921721] e1000 0000:00:03.0 eth0: Intel(R) PRO/1000 Network Connection
[    7.936989] e1000 0000:00:03.0 enp0s3: renamed from eth0
[    7.945381] mptbase: ioc0: Initiating bringup
[    8.020289] ioc0: LSI53C1030 A0: Capabilities={Initiator}
[    8.202172] scsi host2: ioc0: LSI53C1030 A0, FwRev=00000000h, Ports=1, MaxQ=256, IRQ=20
[    8.325335] scsi 2:0:0:0: Direct-Access     VBOX     HARDDISK         1.0  PQ: 0 ANSI: 5
[    8.347013] scsi target2:0:0: Beginning Domain Validation
[    8.354344] scsi target2:0:0: Domain Validation skipping write tests
[    8.358055] scsi target2:0:0: Ending Domain Validation
[    8.361501] scsi target2:0:0: asynchronous
[    8.365165] scsi 2:0:1:0: Direct-Access     VBOX     HARDDISK         1.0  PQ: 0 ANSI: 5
[    8.371991] scsi target2:0:1: Beginning Domain Validation
[    8.377991] scsi target2:0:1: Domain Validation skipping write tests
[    8.381706] scsi target2:0:1: Ending Domain Validation
[    8.385126] scsi target2:0:1: asynchronous
[    8.400014] sd 2:0:0:0: [sda] 20971520 512-byte logical blocks: (10.7 GB/10.0 GiB)
[    8.401215] sd 2:0:0:0: Attached scsi generic sg0 type 0
[    8.416518] sd 2:0:1:0: Attached scsi generic sg1 type 0
[    8.424469] sd 2:0:1:0: [sdb] 20480 512-byte logical blocks: (10.5 MB/10.0 MiB)
[    8.424621] sd 2:0:0:0: [sda] Write Protect is off
[    8.424789] sd 2:0:0:0: [sda] Incomplete mode parameter data
[    8.424790] sd 2:0:0:0: [sda] Assuming drive cache: write through
[    8.460160]  sda: sda1
[    8.464527] sd 2:0:0:0: [sda] Attached SCSI disk
[    8.572405] sd 2:0:1:0: [sdb] Write Protect is off
[    8.580264] sd 2:0:1:0: [sdb] Incomplete mode parameter data
[    8.593605] sd 2:0:1:0: [sdb] Assuming drive cache: write through
[    8.630058] sd 2:0:1:0: [sdb] Attached SCSI disk
Begin: Loading essential drivers ... [   12.561279] md: linear personality registered for level -1
[   12.654452] md: multipath personality registered for level -4
[   12.706825] md: raid0 personality registered for level 0
[   12.767652] md: raid1 personality registered for level 1
[   12.894766] raid6: sse2x1   gen()  3608 MB/s
[   12.966780] raid6: sse2x1   xor()  4131 MB/s
[   13.038794] raid6: sse2x2   gen()  3929 MB/s
[   13.118779] raid6: sse2x2   xor()  5100 MB/s
[   13.190758] raid6: sse2x4   gen()  7868 MB/s
[   13.262731] raid6: sse2x4   xor()  6310 MB/s
[   13.270951] raid6: using algorithm sse2x4 gen() 7868 MB/s
[   13.274242] raid6: .... xor() 6310 MB/s, rmw enabled
[   13.277453] raid6: using ssse3x2 recovery algorithm
[   13.307543] xor: measuring software checksum speed
[   13.386475]    prefetch64-sse: 28110.000 MB/sec
[   13.466811]    generic_sse: 23110.000 MB/sec
[   13.478308] xor: using function: prefetch64-sse (28110.000 MB/sec)
[   13.530749] async_tx: api initialized (async)
[   13.651449] md: raid6 personality registered for level 6
[   13.658374] md: raid5 personality registered for level 5
[   13.681361] md: raid4 personality registered for level 4
[   13.838927] md: raid10 personality registered for level 10
done.
Begin: Running /scripts/init-premount ... done.
Begin: Mounting root file system ... Begin: Running /scripts/local-top ... done.
Begin: Running /scripts/local-premount ... [   14.194935] Btrfs loaded
Scanning for Btrfs filesystems
done.
Warning: fsck not present, so sk[   14.778618] EXT4-fs (sda1): mounted filesystem with ordered data mode. Opts: (null)
ipping root file system
done.
Begin: Running /scripts/local-bottom ... done.
Begin: Running /scripts/init-bottom ... done.
[   15.810850] random: nonblocking pool is initialized
[   16.182853] systemd[1]: systemd 229 running in system mode. (+PAM +AUDIT +SELINUX +IMA +APPARMOR +SMACK +SYSVINIT +UTMP +LIBCRYPTSETUP +GCRYPT +GNUTLS +ACL +XZ -LZ4 +SECCOMP +BLKID +ELFUTILS +KMOD -IDN)
[   16.217549] systemd[1]: Detected virtualization oracle.
[   16.221063] systemd[1]: Detected architecture x86-64.

Welcome to [1mUbuntu 16.04.4 LTS[0m!

[   16.280047] systemd[1]: Set hostname to <ubuntu>.
[   16.327406] systemd[1]: Initializing machine ID from random generator.
[   16.334901] systemd[1]: Installed transient /etc/machine-id file.
[   18.011042] systemd[1]: Listening on udev Control Socket.
[[0;32m  OK  [0m] Listening on udev Control Socket.
[   18.039355] systemd[1]: Reached target User and Group Name Lookups.
[[0;32m  OK  [0m] Reached target User and Group Name Lookups.
[   18.057437] systemd[1]: Created slice System Slice.
[[0;32m  OK  [0m] Created slice System Slice.
[   18.078617] systemd[1]: Listening on Journal Audit Socket.
[[0;32m  OK  [0m] Listening on Journal Audit Socket.
[   18.113801] systemd[1]: Started Forward Password Requests to Wall Directory Watch.
[[0;32m  OK  [0m] Started Forward Password Requests to Wall Directory Watch.
[   18.126906] systemd[1]: Listening on Syslog Socket.
[[0;32m  OK  [0m] Listening on Syslog Socket.
[   18.138001] systemd[1]: Created slice User and Session Slice.
[[0;32m  OK  [0m] Created slice User and Session Slice.
[   18.147904] systemd[1]: Reached target Swap.
[[0;32m  OK  [0m] Reached target Swap.
[   18.156027] systemd[1]: Listening on udev Kernel Socket.
[[0;32m  OK  [0m] Listening on udev Kernel Socket.
[   18.165664] systemd[1]: Listening on Journal Socket.
[[0;32m  OK  [0m] Listening on Journal Socket.
[   18.207238] systemd[1]: Mounting POSIX Message Queue File System...
         Mounting POSIX Message Queue File System...
[   18.263821] systemd[1]: Mounting Debug File System...
         Mounting Debug File System...
[   18.357392] systemd[1]: Starting Remount Root and Kernel File Systems...
         Starting Remount Root and Kernel File Systems...
[   18.461691] systemd[1]: Starting Uncomplicated firewall...
         Starting Uncomplicated firewall...
[   18.491837] EXT4-fs (sda1): re-mounted. Opts: (null)
[   18.523051] systemd[1]: Starting Set console keymap...
         Starting Set console keymap...
[   18.576029] systemd[1]: Listening on LVM2 poll daemon socket.
[[0;32m  OK  [0m] Listening on LVM2 poll daemon socket.
[   18.636889] systemd[1]: Starting Create list of required static device nodes for the current kernel...
         Starting Create list of required st... nodes for the current kernel...
[   18.712237] systemd[1]: Starting Nameserver information manager...
         Starting Nameserver information manager...
[   18.736973] systemd[1]: Reached target Encrypted Volumes.
[[0;32m  OK  [0m] Reached target Encrypted Volumes.
[   18.769127] systemd[1]: Started Trigger resolvconf update for networkd DNS.
[[0;32m  OK  [0m] Started Trigger resolvconf update for networkd DNS.
[   18.871773] systemd[1]: Mounting Huge Pages File System...
         Mounting Huge Pages File System...
[   18.917041] systemd[1]: Listening on /dev/initctl Compatibility Named Pipe.
[[0;32m  OK  [0m] Listening on /dev/initctl Compatibility Named Pipe.
[   18.960405] systemd[1]: Created slice system-serial\x2dgetty.slice.
[[0;32m  OK  [0m] Created slice system-serial\x2dgetty.slice.
[   18.994198] systemd[1]: Set up automount Arbitrary Executable File Formats File System Automount Point.
[[0;32m  OK  [0m] Set up automount Arbitrary Executab...ats File System Automount Point.
[   19.047876] systemd[1]: Listening on LVM2 metadata daemon socket.
[[0;32m  OK  [0m] Listening on LVM2 metadata daemon socket.
[   19.058295] systemd[1]: Reached target Slices.
[[0;32m  OK  [0m] Reached target Slices.
[   19.153524] systemd[1]: Starting Load Kernel Modules...
         Starting Load Kernel Modules...
[   19.175917] systemd[1]: Listening on Journal Socket (/dev/log).
[[0;32m  OK  [0m] Listening on Journal Socket (/dev/log).
[   19.272884] systemd[1]: Starting Journal Service...
         Starting Journal Service...
[   19.317889] systemd[1]: Reached target System Time Synchronized.
[[0;32m  OK  [0m] Reached target System Time Synchronized.
[   19.347528] systemd[1]: Listening on Device-mapper event daemon FIFOs.
[[0;32m  OK  [0m] Listening on Device-mapper event daemon FIFOs.
[   19.427951] Loading iSCSI transport class v2.0-870.
[   19.429060] systemd[1]: Starting Monitoring of LVM2 mirrors, snapshots etc. using dmeventd or progress polling...
         Starting Monitoring of LVM2 mirrors... dmeventd or progress polling...
[   19.583033] systemd[1]: Mounted Huge Pages File System.
[   19.586720] iscsi: registered transport (tcp)
[[0;32m  OK  [0m] Mounted Huge Pages File System.
[   19.649014] systemd[1]: Mounted Debug File System.
[[0;32m  OK  [0m] Mounted Debug File System.
[   19.677293] systemd[1]: Mounted POSIX Message Queue File System.
[[0;32m  OK  [0m] Mounted POSIX Message Queue File System.
[   19.721095] systemd[1]: Started Remount Root and Kernel File Systems.
[[0;32m  OK  [0m] Started Remount Root and Kernel File Systems.
[   19.757459] systemd[1]: Started Uncomplicated firewall.
[[0;32m  OK  [0m] Started Uncomplicated firewall.
[   19.801700] systemd[1]: Started Create list of required static device nodes for the current kernel.
[[0;32m  OK  [0m] Started Create list of required sta...ce nodes for the current kernel.
[   19.845461] iscsi: registered transport (iser)
[   19.915825] systemd[1]: Started Set console keymap.
[[0;32m  OK  [0m] Started Set console keymap.
[   19.980560] systemd[1]: Started Load Kernel Modules.
[[0;32m  OK  [0m] Started Load Kernel Modules.
[   20.041880] systemd[1]: Started Nameserver information manager.
[[0;32m  OK  [0m] Started Nameserver information manager.
[   20.137052] systemd[1]: Started Journal Service.
[[0;32m  OK  [0m] Started Journal Service.
[[0;32m  OK  [0m] Started LVM2 metadata daemon.
         Starting Apply Kernel Variables...
         Mounting FUSE Control File System...
         Starting Create Static Device Nodes in /dev...
         Starting udev Coldplug all Devices...
         Starting Flush Journal to Persistent Storage...
         Starting Load/Save Random Seed...
[[0;32m  OK  [0m] Mounted FUSE Control File System.
[[0;32m  OK  [0m] Started Apply Kernel Variables.
[[0;32m  OK  [0m] Started Load/Save Random Seed.
[[0;32m  OK  [0m] Started Create Static Device Nodes in /dev.
[[0;32m  OK  [0m] Started Monitoring of LVM2 mirrors,...ng dmeventd or progress polling.
[[0;32m  OK  [0m] Started Flush Journal to Persistent Storage.
         Starting udev Kernel Device Manager...
[[0;32m  OK  [0m] Started udev Kernel Device Manager.
[[0;32m  OK  [0m] Reached target Local File Systems (Pre).
[[0;32m  OK  [0m] Reached target Local File Systems.
         Starting Initial cloud-init job (pre-networking)...
         Starting Set console font and keymap...
         Starting LSB: AppArmor initialization...
         Starting Create Volatile Files and Directories...
         Starting Tell Plymouth To Write Out Runtime Data...
         Starting Commit a transient machine-id on disk...
[[0;32m  OK  [0m] Started Tell Plymouth To Write Out Runtime Data.
[[0;32m  OK  [0m] Started Commit a transient machine-id on disk.
[[0;32m  OK  [0m] Started Create Volatile Files and Directories.
         Starting Update UTMP about System Boot/Shutdown...
[[0;32m  OK  [0m] Started udev Coldplug all Devices.
[[0;32m  OK  [0m] Started Dispatch Password Requests to Console Directory Watch.
[[0;32m  OK  [0m] Started Update UTMP about System Boot/Shutdown.
[[0;32m  OK  [0m] Found device /dev/ttyS0.
[[0;32m  OK  [0m] Started LSB: AppArmor initialization.
[[0;32m  OK  [0m] Listening on Load/Save RF Kill Switch Status /dev/rfkill Watch.
[   33.560142] cloud-init[457]: Cloud-init v. 18.2 running 'init-local' at Fri, 01 Jun 2018 05:55:17 +0000. Up 28.73 seconds.
[[0;32m  OK  [0m] Started Initial cloud-init job (pre-networking).
[[0;32m  OK  [0m] Reached target Network (Pre).
         Starting Raise network interfaces...
[[0;32m  OK  [0m] Started Set console font and keymap.
[[0;32m  OK  [0m] Created slice system-getty.slice.
[[0;32m  OK  [0m] Started Raise network interfaces.
         Starting Initial cloud-init job (metadata service crawler)...
[[0;32m  OK  [0m] Reached target Network.
[   49.069349] cloud-init[931]: Cloud-init v. 18.2 running 'init' at Fri, 01 Jun 2018 05:55:31 +0000. Up 42.27 seconds.
[   49.133906] cloud-init[931]: ci-info: +++++++++++++++++++++++++++++++++++++Net device info++++++++++++++++++++++++++++++++++++++
[   49.158330] cloud-init[931]: ci-info: +--------+------+----------------------------+---------------+-------+-------------------+
[   49.186022] cloud-init[931]: ci-info: | Device |  Up  |          Address           |      Mask     | Scope |     Hw-Address    |
[   49.211080] cloud-init[931]: ci-info: +--------+------+----------------------------+---------------+-------+-------------------+
[   49.251247] cloud-init[931]: ci-info: | enp0s3 | True |         10.0.2.15          | 255.255.255.0 |   .   | 02:8b:bc:1c:8c:d0 |
[   49.282789] cloud-init[931]: ci-info: | enp0s3 | True | fe80::8b:bcff:fe1c:8cd0/64 |       .       |  link | 02:8b:bc:1c:8c:d0 |
[   49.390552] cloud-init[931]: ci-info: |   lo   | True |         127.0.0.1          |   255.0.0.0   |   .   |         .         |
[   49.437987] cloud-init[931]: ci-info: |   lo   | True |          ::1/128           |       .       |  host |         .         |
[   49.525371] cloud-init[931]: ci-info: +--------+------+----------------------------+---------------+-------+-------------------+
[   49.574060] cloud-init[931]: ci-info: +++++++++++++++++++++++++++Route IPv4 info++++++++++++++++++++++++++++
[   49.657517] cloud-init[931]: ci-info: +-------+-------------+----------+---------------+-----------+-------+
[   49.694117] cloud-init[931]: ci-info: | Route | Destination | Gateway  |    Genmask    | Interface | Flags |
[[0;32m  OK  [0m] Started Initial cloud-init job (metadata service crawler).
[   49.735142] cloud-init[931]: ci-info: +-------+-------------+----------+---------------+-----------+-------+
[   49.809436] cloud-init[931]: ci-info: |   0   |   0.0.0.0   | 10.0.2.2 |    0.0.0.0    |   enp0s3  |   UG  |
[[0;32m  OK  [0m] Reached target Cloud-config availability.
[   49.852410] [[0;32m  OK  [0m] Reached target Network is Online.
cloud-init[931]: ci-info: |   1   |   10.0.2.0  | 0.0.0.0  | 255.255.255.0 |   enp0s3  |   U   |
[   49.904177] cloud-init[931]: ci-info: +-------+-------------+----------+---------------+-----------+-------+
[   49.914275] cloud-init[931]: Generating public/private rsa key pair.
[   49.921659] cloud-init[931]: Your identification has been saved in /etc/ssh/ssh_host_rsa_key.
[   49.929429] cloud-init[931]: Your public key has been saved in /etc/ssh/ssh_host_rsa_key.pub.
[   49.946954] cloud-init[931]: The key fingerprint is:         Starting iSCSI initiator daemon (iscsid)...
[[0;32m  OK  [0m] Reached target System Initialization.

[   49.964473] cloud-init[931]: SHA256:b08hLPYZpUV8DRgVEF7VUcUG1ydYg/Xc3h4yY7waZWA root@ubuntu-xenial[[0;32m  OK  [0m] Listening on UUID daemon activation socket.
[[0;32m  OK  [0m] Listening on D-Bus System Message Bus Socket.
[[0;32m  OK  [0m] Listening on ACPID Listen Socket.
[[0;32m  OK  [0m] Started Daily apt download activities.
[[0;32m  OK  [0m] Started Daily apt upgrade and clean activities.
[[0;32m  OK  [0m] Started Daily Cleanup of Temporary Directories.
[[0;32m  OK  [0m] Reached target Timers.

         Starting LXD - unix socket.
[   50.063846] cloud-init[931]: The key's randomart image is:
[   50.092402] cloud-init[931]: +---[RSA 2048]----+
[   50.113430] cloud-init[931]: |           .=@XO@|
[[0;32m  OK  [0m] Started ACPI Events Check.
[[0;32m  OK  [0m] Reached target Paths.
[   50.135374] cloud-init[931]: |           o=.o=O|
[   50.202335]          cloud-initStarting Socket activation for snappy daemon.[931]: 
|           E+. o=|
[   50.216241] cloud-init[931]: |         ..+o  ..|
[   50.234248] cloud-init[931]: |        S = .O .o|
[[0;32m  OK  [0m] Listening on LXD - unix socket.
[   50.252616] cloud-init[931]: |       . + ++.=..|
[[0;32m  OK  [0m[   50.340015] cloud-init[931]: |          =...  .|] Listening on Socket activation for snappy daemon.

[   50.549176] cloud-init[931]: |         . oo    |
[   50.582117] cloud-init[931]: |           ..    |
[   50.588671] cloud-init[931]: +----[SHA256]-----+
[   50.619129] cloud-init[931]: Generating public/private dsa key pair.
[[0;32m  OK  [0m] Reached target Sockets.
[[0;32m  OK  [0m] Reached target Basic System.
[   50.639113] cloud-init[931]: Your identification has been saved in /etc/ssh/ssh_host_dsa_key.
[   50.704987] cloud-init[931]: Your public key has been saved in /etc/ssh/ssh_host_dsa_key.pub.
[   50.732577] cloud-init[931]: The key fingerprint is:
[   50.745638] cloud-init[931]: SHA256:1r4GHr8clGfDYz8eJCQwO9iao2bLTo+tEymkGUsJZr4 root@ubuntu-xenial
[   50.759121] cloud-init[931]: The key's randomart image is:
[   50.775065] cloud-init[931]: +---[DSA 1024]----+
[   50.788576] cloud-init[931]: |        o        |
[   50.794490] cloud-init[931]: |.o     o +       |
[   50.800661] cloud-init[931]: |= .   . + . .    |
[   50.816635] cloud-init[931]: |.+.    o o =     |
[   50.820767]          Starting /etc/rc.local Compatibility...
cloud-init[931]: |.*.  .+ S + O .  |
[   50.869418] cloud-init[931]: |+E. o. ooo + *   |
[   50.930513] cloud-init[931]: |   .=. . +o   +  |
[   50.960074] cloud-init[931]: |   =.=  ..oo . o |
[   50.966441] cloud-init[931]: |   .*oo  .+.  .  |
[   50.970870] cloud-init[931]: +----[SHA256]-----+
[   50.974861] cloud-init[931]: Generating public/private ecdsa key pair.
[   50.980764] cloud-init[931]: Your identification has been saved in /etc/ssh/ssh_host_ecdsa_key.
[   50.988064] cloud-init[931]: Your public key has been saved in /etc/ssh/ssh_host_ecdsa_key.pub.
[   50.990050] cloud-init[931]: The key fingerprint is:
[[0;32m  OK  [0m[   50.995349] cloud-init[931]: SHA256:apVOXL21zTRGLOOSd3pk2P8a3bhviBEu2dnRWMnfdWE root@ubuntu-xenial
[   51.019503] cloud-init[931]: The key's randomart image is:
] Started D-Bus System Message Bus.
[   51.057531] cloud-init[931]: +---[ECDSA 256]---+
[   51.075198] cloud-init[931]: |              oEo|
[   51.106364] cloud-init[931]: |           . oo++|
[   51.115557] cloud-init[931]: |          . + ***|
[   51.121164] cloud-init[931]: |       . o o.*+X=|
[   51.127373] cloud-init[931]: |        S  +++*.+|
[   51.136693] cloud-init[931]: |       =  o =..+o|
[   51.176452] cloud-init[931]: |      o .  . o+.+|
[   51.217156] cloud-init[931]: |     .      . .oo|
[   51.229804] cloud-init[931]: |              o+.|
[   51.234433] cloud-init[931]: +----[SHA256]-----+
[   51.238391] cloud-init[931]: Generating public/private ed25519 key pair.
[   51.243334] cloud-init[931]: Your identification has been saved in /etc/ssh/ssh_host_ed25519_key.
[   51.249703] cloud-init[931]: Your public key has been saved in /etc/ssh/ssh_host_ed25519_key.pub.
[   51.257158] cloud-init[931]: The key fingerprint is:
[   51.262696] cloud-init[931]: SHA256:iVAVIMa6v/qnCcN1wB1AKggT2kKJry8bOATjGV46prQ root@ubuntu-xenial
[   51.275649] cloud-init[931]: The key's randomart image is:
[   51.283295] cloud-init[931]: +--[ED25519 256]--+
[   51.289420] cloud-init[931]: |=o.o=.+oo.       |
[   51.297690] cloud-init[931]: |*+ +.+ .         |
[   51.304786] cloud-init[931]: |Booo+ .          |
[   51.312762] cloud-init[931]: |++B  o . .       |
[   51.319474] cloud-init[931]: | @ .. o S        |
[   51.324901] cloud-init[931]: |B.+. .           |
[   51.330213] cloud-init[931]: |=E+.             |
[   51.338206] cloud-init[931]: |.o.o...          |
[   51.361383] cloud-init[931]: |.o.o=+           |
[   51.368424] cloud-init[931]: +----[SHA256]-----+
[[0;32m  OK  [0m] Started Deferred execution scheduler.
         Starting System Logging Service...
         Starting Login Service...
         Starting LSB: MD monitoring daemon...
         Starting LSB: Record successful boot for GRUB...
         Starting Apply the settings specified in cloud-config...
         Starting Pollinate to seed the pseudo random number generator...
[[0;32m  OK  [0m] Started ACPI event daemon.
[[0;32m  OK  [0m] Started Unattended Upgrades Shutdown.
[[0;32m  OK  [0m] Started Regular background program processing daemon.
         Starting Accounts Service...
[[0;32m  OK  [0m] Started FUSE filesystem for LXC.
         Starting Snappy daemon...
         Starting Virtualbox guest utils...
         Starting LXD - container startup/shutdown...
[[0;32m  OK  [0m] Started System Logging Service.
[[0;32m  OK  [0m] Started iSCSI initiator daemon (iscsid).
[[0;32m  OK  [0m] Started /etc/rc.local Compatibility.
         Starting Login to default iSCSI targets...
[[0;32m  OK  [0m] Started Login Service.
[[0;32m  OK  [0m] Started LSB: Record successful boot for GRUB.
         Starting Authenticate and Authorize Users to Run Privileged Tasks...
[[0;32m  OK  [0m] Started Login to default iSCSI targets.
[[0;32m  OK  [0m] Started LSB: MD monitoring daemon.
[[0;32m  OK  [0m] Reached target Remote File Systems (Pre).
[[0;32m  OK  [0m] Reached target Remote File Systems.
         Starting LSB: daemon to balance interrupts for SMP systems...
         Starting Permit User Sessions...
         Starting LSB: automatic crash report generation...
         Starting LSB: Set the CPU Frequency Scaling governor to "ondemand"...
[[0;32m  OK  [0m] Started Permit User Sessions.
         Starting Hold until boot process finishes up...
         Starting Terminate Plymouth Boot Screen...
[[0;32m  OK  [0m] Started Terminate Plymouth Boot Screen.
[[0;32m  OK  [0m] Started Hold until boot process finishes up.
[[0;32m  OK  [0m] Started Serial Getty on ttyS0.
[[0;32m  OK  [0m] Started Getty on tty1.
[[0;32m  OK  [0m] Reached target Login Prompts.
         Starting Set console scheme...
[[0;32m  OK  [0m] Started LXD - container startup/shutdown.
[[0;32m  OK  [0m] Started Authenticate and Authorize Users to Run Privileged Tasks.
[[0;32m  OK  [0m] Started Accounts Service.
[[0;32m  OK  [0m] Started Set console scheme.
[[0;32m  OK  [0m] Started LSB: Set the CPU Frequency Scaling governor to "ondemand".
[[0;32m  OK  [0m] Started Virtualbox guest utils.
[[0;32m  OK  [0m] Started LSB: automatic crash report generation.
[[0;32m  OK  [0m] Started LSB: daemon to balance interrupts for SMP systems.
[[0;32m  OK  [0m] Started Snappy daemon.

Ubuntu 16[   65.678674] cloud-init[1053]: Generating locales (this might take a while)...
.04.4 LTS ubuntu-xenial ttyS0

ubuntu-xenial login: [   72.587904] cloud-init[1053]:   en_US.UTF-8... done
[   72.607893] cloud-init[1053]: Generation complete.
[   78.181158] cloud-init[1053]: Cloud-init v. 18.2 running 'modules:config' at Fri, 01 Jun 2018 05:55:52 +0000. Up 63.70 seconds.
ci-info: no authorized ssh keys fingerprints found for user ubuntu.
<14>Jun  1 05:56:11 ec2: 
<14>Jun  1 05:56:11 ec2: #############################################################
<14>Jun  1 05:56:11 ec2: -----BEGIN SSH HOST KEY FINGERPRINTS-----
<14>Jun  1 05:56:11 ec2: 1024 SHA256:1r4GHr8clGfDYz8eJCQwO9iao2bLTo+tEymkGUsJZr4 root@ubuntu-xenial (DSA)
<14>Jun  1 05:56:11 ec2: 256 SHA256:apVOXL21zTRGLOOSd3pk2P8a3bhviBEu2dnRWMnfdWE root@ubuntu-xenial (ECDSA)
<14>Jun  1 05:56:11 ec2: 256 SHA256:iVAVIMa6v/qnCcN1wB1AKggT2kKJry8bOATjGV46prQ root@ubuntu-xenial (ED25519)
<14>Jun  1 05:56:11 ec2: 2048 SHA256:b08hLPYZpUV8DRgVEF7VUcUG1ydYg/Xc3h4yY7waZWA root@ubuntu-xenial (RSA)
<14>Jun  1 05:56:11 ec2: -----END SSH HOST KEY FINGERPRINTS-----
<14>Jun  1 05:56:11 ec2: #############################################################
-----BEGIN SSH HOST KEY KEYS-----
ecdsa-sha2-nistp256 AAAAE2VjZHNhLXNoYTItbmlzdHAyNTYAAAAIbmlzdHAyNTYAAABBBKifzn8Kki9miF/lhtYYhsZP+MfyoWP8D1LDXuXVBNuiOifAIs+n1SZuVaFNaxNX8KnAuy+qdEF9ZV+4SCyuG+I= root@ubuntu-xenial
ssh-ed25519 AAAAC3NzaC1lZDI1NTE5AAAAINIn+4GZbJWjd/Kju0M7iKzyVC3ozpDrblHDykVO9ukC root@ubuntu-xenial
ssh-rsa AAAAB3NzaC1yc2EAAAADAQABAAABAQDhjnN1BeumFT8PzbBgiP+D04MmFj2c1uxVjsN8Ud/Tv6KfIKvsoZPkloYY9apDd5iSmZq+KHLTPVw7lF5b6zWedyssUc2HCM98GZRNmjBjw1Nn81TYiJCPT23e+qISzPPiQx0Uh9mWXwW6YoWqdEC9vXvO9cqj1X4NtvK+BfRALtWViW5yYDnb528jWrBGvo8p+NMBAqhpt32SiAx8xogbZHdj2TetRU5VHGn7aSoiFhGdEO2aZnfv79O33CvjPPkz/lz3p51qyviXx1lFloe60JcWolEDvj0I4Yvy1LrUtl4EedEtpgWCh303DxAvAY7KnTZGon/T/X/jTbQ7o8Yd root@ubuntu-xenial
-----END SSH HOST KEY KEYS-----
[   82.963279] cloud-init[1429]: Cloud-init v. 18.2 running 'modules:final' at Fri, 01 Jun 2018 05:56:09 +0000. Up 80.70 seconds.
[   82.967289] cloud-init[1429]: ci-info: no authorized ssh keys fingerprints found for user ubuntu.
[   82.974390] cloud-init[1429]: Cloud-init v. 18.2 finished at Fri, 01 Jun 2018 05:56:12 +0000. Datasource DataSourceNoCloud [seed=/dev/sdb][dsmode=net].  Up 82.87 seconds
